This file contains any messages produced by compilers while
running configure, to aid debugging if configure makes a mistake.

It was created by glade configure 3.20.0, which was
generated by GNU Autoconf 2.69.  Invocation command line was

  $ ./configure 

## --------- ##
## Platform. ##
## --------- ##

hostname = mariana-K46CB
uname -m = x86_64
uname -r = 3.19.0-51-generic
uname -s = Linux
uname -v = #58~14.04.1-Ubuntu SMP Fri Feb 26 22:02:58 UTC 2016

/usr/bin/uname -p = unknown
/bin/uname -X     = unknown

/bin/arch              = unknown
/usr/bin/arch -k       = unknown
/usr/convex/getsysinfo = unknown
/usr/bin/hostinfo      = unknown
/bin/machine           = unknown
/usr/bin/oslevel       = unknown
/bin/universe          = unknown

PATH: /usr/local/heroku/bin
PATH: /opt/spring/spring-1.3.3.RELEASE//bin
PATH: /usr/local/sbin
PATH: /usr/local/bin
PATH: /usr/sbin
PATH: /usr/bin
PATH: /sbin
PATH: /bin
PATH: /usr/games
PATH: /usr/local/games
PATH: /usr/lib/jvm/java-8-oracle/bin
PATH: /usr/lib/jvm/java-8-oracle/db/bin
PATH: /usr/lib/jvm/java-8-oracle/jre/bin


## ----------- ##
## Core tests. ##
## ----------- ##

configure:2415: checking build system type
configure:2429: result: x86_64-pc-linux-gnu
configure:2449: checking host system type
configure:2462: result: x86_64-pc-linux-gnu
configure:2482: checking target system type
configure:2495: result: x86_64-pc-linux-gnu
configure:2538: checking for a BSD-compatible install
configure:2606: result: /usr/bin/install -c
configure:2617: checking whether build environment is sane
configure:2672: result: yes
configure:2823: checking for a thread-safe mkdir -p
configure:2862: result: /bin/mkdir -p
configure:2869: checking for gawk
configure:2899: result: no
configure:2869: checking for mawk
configure:2885: found /usr/bin/mawk
configure:2896: result: mawk
configure:2907: checking whether make sets $(MAKE)
configure:2929: result: yes
configure:2958: checking whether make supports nested variables
configure:2975: result: yes
configure:3102: checking whether to enable maintainer-specific portions of Makefiles
configure:3111: result: yes
configure:3139: checking whether make supports nested variables
configure:3156: result: yes
configure:3217: checking for gcc
configure:3233: found /usr/bin/gcc
configure:3244: result: gcc
configure:3473: checking for C compiler version
configure:3482: gcc --version >&5
gcc (Ubuntu 4.8.4-2ubuntu1~14.04.1) 4.8.4
Copyright (C) 2013 Free Software Foundation, Inc.
This is free software; see the source for copying conditions.  There is NO
warranty; not even for MERCHANTABILITY or FITNESS FOR A PARTICULAR PURPOSE.

configure:3493: $? = 0
configure:3482: gcc -v >&5
Using built-in specs.
COLLECT_GCC=gcc
COLLECT_LTO_WRAPPER=/usr/lib/gcc/x86_64-linux-gnu/4.8/lto-wrapper
Target: x86_64-linux-gnu
Configured with: ../src/configure -v --with-pkgversion='Ubuntu 4.8.4-2ubuntu1~14.04.1' --with-bugurl=file:///usr/share/doc/gcc-4.8/README.Bugs --enable-languages=c,c++,java,go,d,fortran,objc,obj-c++ --prefix=/usr --program-suffix=-4.8 --enable-shared --enable-linker-build-id --libexecdir=/usr/lib --without-included-gettext --enable-threads=posix --with-gxx-include-dir=/usr/include/c++/4.8 --libdir=/usr/lib --enable-nls --with-sysroot=/ --enable-clocale=gnu --enable-libstdcxx-debug --enable-libstdcxx-time=yes --enable-gnu-unique-object --disable-libmudflap --enable-plugin --with-system-zlib --disable-browser-plugin --enable-java-awt=gtk --enable-gtk-cairo --with-java-home=/usr/lib/jvm/java-1.5.0-gcj-4.8-amd64/jre --enable-java-home --with-jvm-root-dir=/usr/lib/jvm/java-1.5.0-gcj-4.8-amd64 --with-jvm-jar-dir=/usr/lib/jvm-exports/java-1.5.0-gcj-4.8-amd64 --with-arch-directory=amd64 --with-ecj-jar=/usr/share/java/eclipse-ecj.jar --enable-objc-gc --enable-multiarch --disable-werror --with-arch-32=i686 --with-abi=m64 --with-multilib-list=m32,m64,mx32 --with-tune=generic --enable-checking=release --build=x86_64-linux-gnu --host=x86_64-linux-gnu --target=x86_64-linux-gnu
Thread model: posix
gcc version 4.8.4 (Ubuntu 4.8.4-2ubuntu1~14.04.1) 
configure:3493: $? = 0
configure:3482: gcc -V >&5
gcc: error: unrecognized command line option '-V'
gcc: fatal error: no input files
compilation terminated.
configure:3493: $? = 4
configure:3482: gcc -qversion >&5
gcc: error: unrecognized command line option '-qversion'
gcc: fatal error: no input files
compilation terminated.
configure:3493: $? = 4
configure:3513: checking whether the C compiler works
configure:3535: gcc    conftest.c  >&5
configure:3539: $? = 0
configure:3587: result: yes
configure:3590: checking for C compiler default output file name
configure:3592: result: a.out
configure:3598: checking for suffix of executables
configure:3605: gcc -o conftest    conftest.c  >&5
configure:3609: $? = 0
configure:3631: result: 
configure:3653: checking whether we are cross compiling
configure:3661: gcc -o conftest    conftest.c  >&5
configure:3665: $? = 0
configure:3672: ./conftest
configure:3676: $? = 0
configure:3691: result: no
configure:3696: checking for suffix of object files
configure:3718: gcc -c   conftest.c >&5
configure:3722: $? = 0
configure:3743: result: o
configure:3747: checking whether we are using the GNU C compiler
configure:3766: gcc -c   conftest.c >&5
configure:3766: $? = 0
configure:3775: result: yes
configure:3784: checking whether gcc accepts -g
configure:3804: gcc -c -g  conftest.c >&5
configure:3804: $? = 0
configure:3845: result: yes
configure:3862: checking for gcc option to accept ISO C89
configure:3925: gcc  -c -g -O2  conftest.c >&5
configure:3925: $? = 0
configure:3938: result: none needed
configure:3963: checking whether gcc understands -c and -o together
configure:3985: gcc -c conftest.c -o conftest2.o
configure:3988: $? = 0
configure:3985: gcc -c conftest.c -o conftest2.o
configure:3988: $? = 0
configure:4000: result: yes
configure:4028: checking for style of include used by make
configure:4056: result: GNU
configure:4082: checking dependency style of gcc
configure:4193: result: gcc3
configure:4209: checking whether make sets $(MAKE)
configure:4231: result: yes
configure:4289: checking how to print strings
configure:4316: result: printf
configure:4337: checking for a sed that does not truncate output
configure:4401: result: /bin/sed
configure:4419: checking for grep that handles long lines and -e
configure:4477: result: /bin/grep
configure:4482: checking for egrep
configure:4544: result: /bin/grep -E
configure:4549: checking for fgrep
configure:4611: result: /bin/grep -F
configure:4646: checking for ld used by gcc
configure:4713: result: /usr/bin/ld
configure:4720: checking if the linker (/usr/bin/ld) is GNU ld
configure:4735: result: yes
configure:4747: checking for BSD- or MS-compatible name lister (nm)
configure:4801: result: /usr/bin/nm -B
configure:4931: checking the name lister (/usr/bin/nm -B) interface
configure:4938: gcc -c -g -O2  conftest.c >&5
configure:4941: /usr/bin/nm -B "conftest.o"
configure:4944: output
0000000000000000 B some_variable
configure:4951: result: BSD nm
configure:4954: checking whether ln -s works
configure:4958: result: yes
configure:4966: checking the maximum length of command line arguments
configure:5097: result: 1572864
configure:5145: checking how to convert x86_64-pc-linux-gnu file names to x86_64-pc-linux-gnu format
configure:5185: result: func_convert_file_noop
configure:5192: checking how to convert x86_64-pc-linux-gnu file names to toolchain format
configure:5212: result: func_convert_file_noop
configure:5219: checking for /usr/bin/ld option to reload object files
configure:5226: result: -r
configure:5300: checking for objdump
configure:5316: found /usr/bin/objdump
configure:5327: result: objdump
configure:5356: checking how to recognize dependent libraries
configure:5556: result: pass_all
configure:5641: checking for dlltool
configure:5671: result: no
configure:5698: checking how to associate runtime and link libraries
configure:5725: result: printf %s\n
configure:5786: checking for ar
configure:5802: found /usr/bin/ar
configure:5813: result: ar
configure:5850: checking for archiver @FILE support
configure:5867: gcc -c -g -O2  conftest.c >&5
configure:5867: $? = 0
configure:5870: ar cru libconftest.a @conftest.lst >&5
configure:5873: $? = 0
configure:5878: ar cru libconftest.a @conftest.lst >&5
ar: conftest.o: No such file or directory
configure:5881: $? = 1
configure:5893: result: @
configure:5951: checking for strip
configure:5967: found /usr/bin/strip
configure:5978: result: strip
configure:6050: checking for ranlib
configure:6066: found /usr/bin/ranlib
configure:6077: result: ranlib
configure:6179: checking command to parse /usr/bin/nm -B output from gcc object
configure:6332: gcc -c -g -O2  conftest.c >&5
configure:6335: $? = 0
configure:6339: /usr/bin/nm -B conftest.o \| sed -n -e 's/^.*[ ]\([ABCDGIRSTW][ABCDGIRSTW]*\)[ ][ ]*\([_A-Za-z][_A-Za-z0-9]*\)$/\1 \2 \2/p' | sed '/ __gnu_lto/d' \> conftest.nm
configure:6342: $? = 0
configure:6408: gcc -o conftest -g -O2   conftest.c conftstm.o >&5
configure:6411: $? = 0
configure:6449: result: ok
configure:6496: checking for sysroot
configure:6526: result: no
configure:6533: checking for a working dd
configure:6571: result: /bin/dd
configure:6575: checking how to truncate binary pipes
configure:6590: result: /bin/dd bs=4096 count=1
configure:6726: gcc -c -g -O2  conftest.c >&5
configure:6729: $? = 0
configure:6919: checking for mt
configure:6935: found /bin/mt
configure:6946: result: mt
configure:6969: checking if mt is a manifest tool
configure:6975: mt '-?'
configure:6983: result: no
configure:7660: checking how to run the C preprocessor
configure:7691: gcc -E  conftest.c
configure:7691: $? = 0
configure:7705: gcc -E  conftest.c
conftest.c:14:28: fatal error: ac_nonexistent.h: No such file or directory
 #include <ac_nonexistent.h>
                            ^
compilation terminated.
configure:7705: $? = 1
configure: failed program was:
| /* confdefs.h */
| #define PACKAGE_NAME "glade"
| #define PACKAGE_TARNAME "glade"
| #define PACKAGE_VERSION "3.20.0"
| #define PACKAGE_STRING "glade 3.20.0"
| #define PACKAGE_BUGREPORT "http://bugzilla.gnome.org/enter_bug.cgi?product=glade"
| #define PACKAGE_URL "http://glade.gnome.org/"
| #define GLADE_MAJOR_VERSION 3
| #define GLADE_MINOR_VERSION 20
| #define GLADE_MICRO_VERSION 0
| #define PACKAGE "glade"
| #define VERSION "3.20.0"
| /* end confdefs.h.  */
| #include <ac_nonexistent.h>
configure:7730: result: gcc -E
configure:7750: gcc -E  conftest.c
configure:7750: $? = 0
configure:7764: gcc -E  conftest.c
conftest.c:14:28: fatal error: ac_nonexistent.h: No such file or directory
 #include <ac_nonexistent.h>
                            ^
compilation terminated.
configure:7764: $? = 1
configure: failed program was:
| /* confdefs.h */
| #define PACKAGE_NAME "glade"
| #define PACKAGE_TARNAME "glade"
| #define PACKAGE_VERSION "3.20.0"
| #define PACKAGE_STRING "glade 3.20.0"
| #define PACKAGE_BUGREPORT "http://bugzilla.gnome.org/enter_bug.cgi?product=glade"
| #define PACKAGE_URL "http://glade.gnome.org/"
| #define GLADE_MAJOR_VERSION 3
| #define GLADE_MINOR_VERSION 20
| #define GLADE_MICRO_VERSION 0
| #define PACKAGE "glade"
| #define VERSION "3.20.0"
| /* end confdefs.h.  */
| #include <ac_nonexistent.h>
configure:7793: checking for ANSI C header files
configure:7813: gcc -c -g -O2  conftest.c >&5
configure:7813: $? = 0
configure:7886: gcc -o conftest -g -O2   conftest.c  >&5
configure:7886: $? = 0
configure:7886: ./conftest
configure:7886: $? = 0
configure:7897: result: yes
configure:7910: checking for sys/types.h
configure:7910: gcc -c -g -O2  conftest.c >&5
configure:7910: $? = 0
configure:7910: result: yes
configure:7910: checking for sys/stat.h
configure:7910: gcc -c -g -O2  conftest.c >&5
configure:7910: $? = 0
configure:7910: result: yes
configure:7910: checking for stdlib.h
configure:7910: gcc -c -g -O2  conftest.c >&5
configure:7910: $? = 0
configure:7910: result: yes
configure:7910: checking for string.h
configure:7910: gcc -c -g -O2  conftest.c >&5
configure:7910: $? = 0
configure:7910: result: yes
configure:7910: checking for memory.h
configure:7910: gcc -c -g -O2  conftest.c >&5
configure:7910: $? = 0
configure:7910: result: yes
configure:7910: checking for strings.h
configure:7910: gcc -c -g -O2  conftest.c >&5
configure:7910: $? = 0
configure:7910: result: yes
configure:7910: checking for inttypes.h
configure:7910: gcc -c -g -O2  conftest.c >&5
configure:7910: $? = 0
configure:7910: result: yes
configure:7910: checking for stdint.h
configure:7910: gcc -c -g -O2  conftest.c >&5
configure:7910: $? = 0
configure:7910: result: yes
configure:7910: checking for unistd.h
configure:7910: gcc -c -g -O2  conftest.c >&5
configure:7910: $? = 0
configure:7910: result: yes
configure:7924: checking for dlfcn.h
configure:7924: gcc -c -g -O2  conftest.c >&5
configure:7924: $? = 0
configure:7924: result: yes
configure:8476: checking for objdir
configure:8491: result: .libs
configure:8755: checking if gcc supports -fno-rtti -fno-exceptions
configure:8773: gcc -c -g -O2  -fno-rtti -fno-exceptions conftest.c >&5
cc1: warning: command line option '-fno-rtti' is valid for C++/ObjC++ but not for C [enabled by default]
configure:8777: $? = 0
configure:8790: result: no
configure:9148: checking for gcc option to produce PIC
configure:9155: result: -fPIC -DPIC
configure:9163: checking if gcc PIC flag -fPIC -DPIC works
configure:9181: gcc -c -g -O2  -fPIC -DPIC -DPIC conftest.c >&5
configure:9185: $? = 0
configure:9198: result: yes
configure:9227: checking if gcc static flag -static works
configure:9255: result: yes
configure:9270: checking if gcc supports -c -o file.o
configure:9291: gcc -c -g -O2  -o out/conftest2.o conftest.c >&5
configure:9295: $? = 0
configure:9317: result: yes
configure:9325: checking if gcc supports -c -o file.o
configure:9372: result: yes
configure:9405: checking whether the gcc linker (/usr/bin/ld -m elf_x86_64) supports shared libraries
configure:10668: result: yes
configure:10705: checking whether -lc should be explicitly linked in
configure:10713: gcc -c -g -O2  conftest.c >&5
configure:10716: $? = 0
configure:10731: gcc -shared  -fPIC -DPIC conftest.o  -v -Wl,-soname -Wl,conftest -o conftest 2\>\&1 \| /bin/grep  -lc  \>/dev/null 2\>\&1
configure:10734: $? = 0
configure:10748: result: no
configure:10908: checking dynamic linker characteristics
configure:11489: gcc -o conftest -g -O2   -Wl,-rpath -Wl,/foo conftest.c  >&5
configure:11489: $? = 0
configure:11738: result: GNU/Linux ld.so
configure:11860: checking how to hardcode library paths into programs
configure:11885: result: immediate
configure:11987: checking for shl_load
configure:11987: gcc -o conftest -g -O2   conftest.c  >&5
/tmp/ccwLHX8k.o: In function `main':
/home/mariana/Documentos/CG/glade-3.20.0/conftest.c:60: undefined reference to `shl_load'
collect2: error: ld returned 1 exit status
configure:11987: $? = 1
configure: failed program was:
| /* confdefs.h */
| #define PACKAGE_NAME "glade"
| #define PACKAGE_TARNAME "glade"
| #define PACKAGE_VERSION "3.20.0"
| #define PACKAGE_STRING "glade 3.20.0"
| #define PACKAGE_BUGREPORT "http://bugzilla.gnome.org/enter_bug.cgi?product=glade"
| #define PACKAGE_URL "http://glade.gnome.org/"
| #define GLADE_MAJOR_VERSION 3
| #define GLADE_MINOR_VERSION 20
| #define GLADE_MICRO_VERSION 0
| #define PACKAGE "glade"
| #define VERSION "3.20.0"
| #define STDC_HEADERS 1
| #define HAVE_SYS_TYPES_H 1
| #define HAVE_SYS_STAT_H 1
| #define HAVE_STDLIB_H 1
| #define HAVE_STRING_H 1
| #define HAVE_MEMORY_H 1
| #define HAVE_STRINGS_H 1
| #define HAVE_INTTYPES_H 1
| #define HAVE_STDINT_H 1
| #define HAVE_UNISTD_H 1
| #define HAVE_DLFCN_H 1
| #define LT_OBJDIR ".libs/"
| /* end confdefs.h.  */
| /* Define shl_load to an innocuous variant, in case <limits.h> declares shl_load.
|    For example, HP-UX 11i <limits.h> declares gettimeofday.  */
| #define shl_load innocuous_shl_load
| 
| /* System header to define __stub macros and hopefully few prototypes,
|     which can conflict with char shl_load (); below.
|     Prefer <limits.h> to <assert.h> if __STDC__ is defined, since
|     <limits.h> exists even on freestanding compilers.  */
| 
| #ifdef __STDC__
| # include <limits.h>
| #else
| # include <assert.h>
| #endif
| 
| #undef shl_load
| 
| /* Override any GCC internal prototype to avoid an error.
|    Use char because int might match the return type of a GCC
|    builtin and then its argument prototype would still apply.  */
| #ifdef __cplusplus
| extern "C"
| #endif
| char shl_load ();
| /* The GNU C library defines this for functions which it implements
|     to always fail with ENOSYS.  Some functions are actually named
|     something starting with __ and the normal name is an alias.  */
| #if defined __stub_shl_load || defined __stub___shl_load
| choke me
| #endif
| 
| int
| main ()
| {
| return shl_load ();
|   ;
|   return 0;
| }
configure:11987: result: no
configure:11991: checking for shl_load in -ldld
configure:12016: gcc -o conftest -g -O2   conftest.c -ldld   >&5
/usr/bin/ld: cannot find -ldld
collect2: error: ld returned 1 exit status
configure:12016: $? = 1
configure: failed program was:
| /* confdefs.h */
| #define PACKAGE_NAME "glade"
| #define PACKAGE_TARNAME "glade"
| #define PACKAGE_VERSION "3.20.0"
| #define PACKAGE_STRING "glade 3.20.0"
| #define PACKAGE_BUGREPORT "http://bugzilla.gnome.org/enter_bug.cgi?product=glade"
| #define PACKAGE_URL "http://glade.gnome.org/"
| #define GLADE_MAJOR_VERSION 3
| #define GLADE_MINOR_VERSION 20
| #define GLADE_MICRO_VERSION 0
| #define PACKAGE "glade"
| #define VERSION "3.20.0"
| #define STDC_HEADERS 1
| #define HAVE_SYS_TYPES_H 1
| #define HAVE_SYS_STAT_H 1
| #define HAVE_STDLIB_H 1
| #define HAVE_STRING_H 1
| #define HAVE_MEMORY_H 1
| #define HAVE_STRINGS_H 1
| #define HAVE_INTTYPES_H 1
| #define HAVE_STDINT_H 1
| #define HAVE_UNISTD_H 1
| #define HAVE_DLFCN_H 1
| #define LT_OBJDIR ".libs/"
| /* end confdefs.h.  */
| 
| /* Override any GCC internal prototype to avoid an error.
|    Use char because int might match the return type of a GCC
|    builtin and then its argument prototype would still apply.  */
| #ifdef __cplusplus
| extern "C"
| #endif
| char shl_load ();
| int
| main ()
| {
| return shl_load ();
|   ;
|   return 0;
| }
configure:12025: result: no
configure:12030: checking for dlopen
configure:12030: gcc -o conftest -g -O2   conftest.c  >&5
/tmp/cc3P8EYt.o: In function `main':
/home/mariana/Documentos/CG/glade-3.20.0/conftest.c:60: undefined reference to `dlopen'
collect2: error: ld returned 1 exit status
configure:12030: $? = 1
configure: failed program was:
| /* confdefs.h */
| #define PACKAGE_NAME "glade"
| #define PACKAGE_TARNAME "glade"
| #define PACKAGE_VERSION "3.20.0"
| #define PACKAGE_STRING "glade 3.20.0"
| #define PACKAGE_BUGREPORT "http://bugzilla.gnome.org/enter_bug.cgi?product=glade"
| #define PACKAGE_URL "http://glade.gnome.org/"
| #define GLADE_MAJOR_VERSION 3
| #define GLADE_MINOR_VERSION 20
| #define GLADE_MICRO_VERSION 0
| #define PACKAGE "glade"
| #define VERSION "3.20.0"
| #define STDC_HEADERS 1
| #define HAVE_SYS_TYPES_H 1
| #define HAVE_SYS_STAT_H 1
| #define HAVE_STDLIB_H 1
| #define HAVE_STRING_H 1
| #define HAVE_MEMORY_H 1
| #define HAVE_STRINGS_H 1
| #define HAVE_INTTYPES_H 1
| #define HAVE_STDINT_H 1
| #define HAVE_UNISTD_H 1
| #define HAVE_DLFCN_H 1
| #define LT_OBJDIR ".libs/"
| /* end confdefs.h.  */
| /* Define dlopen to an innocuous variant, in case <limits.h> declares dlopen.
|    For example, HP-UX 11i <limits.h> declares gettimeofday.  */
| #define dlopen innocuous_dlopen
| 
| /* System header to define __stub macros and hopefully few prototypes,
|     which can conflict with char dlopen (); below.
|     Prefer <limits.h> to <assert.h> if __STDC__ is defined, since
|     <limits.h> exists even on freestanding compilers.  */
| 
| #ifdef __STDC__
| # include <limits.h>
| #else
| # include <assert.h>
| #endif
| 
| #undef dlopen
| 
| /* Override any GCC internal prototype to avoid an error.
|    Use char because int might match the return type of a GCC
|    builtin and then its argument prototype would still apply.  */
| #ifdef __cplusplus
| extern "C"
| #endif
| char dlopen ();
| /* The GNU C library defines this for functions which it implements
|     to always fail with ENOSYS.  Some functions are actually named
|     something starting with __ and the normal name is an alias.  */
| #if defined __stub_dlopen || defined __stub___dlopen
| choke me
| #endif
| 
| int
| main ()
| {
| return dlopen ();
|   ;
|   return 0;
| }
configure:12030: result: no
configure:12034: checking for dlopen in -ldl
configure:12059: gcc -o conftest -g -O2   conftest.c -ldl   >&5
configure:12059: $? = 0
configure:12068: result: yes
configure:12187: checking whether a program can dlopen itself
configure:12267: gcc -o conftest -g -O2  -DHAVE_DLFCN_H  -Wl,--export-dynamic conftest.c -ldl  >&5
configure:12270: $? = 0
configure:12288: result: yes
configure:12293: checking whether a statically linked program can dlopen itself
configure:12373: gcc -o conftest -g -O2  -DHAVE_DLFCN_H  -Wl,--export-dynamic -static conftest.c -ldl  >&5
/tmp/ccatHdjt.o: In function `main':
/home/mariana/Documentos/CG/glade-3.20.0/configure:12352: warning: Using 'dlopen' in statically linked applications requires at runtime the shared libraries from the glibc version used for linking
/usr/bin/ld: dynamic STT_GNU_IFUNC symbol `strcmp' with pointer equality in `/usr/lib/gcc/x86_64-linux-gnu/4.8/../../../x86_64-linux-gnu/libc.a(strcmp.o)' can not be used when making an executable; recompile with -fPIE and relink with -pie
collect2: error: ld returned 1 exit status
configure:12376: $? = 1
configure:12394: result: no
configure:12433: checking whether stripping libraries is possible
configure:12438: result: yes
configure:12473: checking if libtool supports shared libraries
configure:12475: result: yes
configure:12478: checking whether to build shared libraries
configure:12503: result: yes
configure:12506: checking whether to build static libraries
configure:12510: result: no
configure:12550: checking for glib-compile-resources
configure:12568: found /usr/local/bin/glib-compile-resources
configure:12580: result: /usr/local/bin/glib-compile-resources
configure:12590: checking for glib-genmarshal
configure:12608: found /usr/local/bin/glib-genmarshal
configure:12620: result: /usr/local/bin/glib-genmarshal
configure:12630: checking for glib-mkenums
configure:12648: found /usr/local/bin/glib-mkenums
configure:12660: result: /usr/local/bin/glib-mkenums
configure:12670: checking for dlltool
configure:12703: result: no
configure:12747: checking whether to enable debugging
configure:12809: result: no
configure:12898: checking whether gcc understands -Wall
configure:12911: gcc -c -g -O2 -Wall  conftest.c >&5
configure:12911: $? = 0
configure:12918: result: yes
configure:12898: checking whether gcc understands -Wstrict-prototypes
configure:12911: gcc -c -g -O2 -Wstrict-prototypes  conftest.c >&5
conftest.c:29:1: warning: function declaration isn't a prototype [-Wstrict-prototypes]
 main ()
 ^
configure:12911: $? = 0
configure:12918: result: yes
configure:12898: checking whether gcc understands -Wnested-externs
configure:12911: gcc -c -g -O2 -Wnested-externs  conftest.c >&5
configure:12911: $? = 0
configure:12918: result: yes
configure:12898: checking whether gcc understands -Werror=missing-prototypes
configure:12911: gcc -c -g -O2 -Werror=missing-prototypes  conftest.c >&5
configure:12911: $? = 0
configure:12918: result: yes
configure:12898: checking whether gcc understands -Werror=implicit-function-declaration
configure:12911: gcc -c -g -O2 -Werror=implicit-function-declaration  conftest.c >&5
configure:12911: $? = 0
configure:12918: result: yes
configure:12898: checking whether gcc understands -Werror=pointer-arith
configure:12911: gcc -c -g -O2 -Werror=pointer-arith  conftest.c >&5
configure:12911: $? = 0
configure:12918: result: yes
configure:12898: checking whether gcc understands -Werror=init-self
configure:12911: gcc -c -g -O2 -Werror=init-self  conftest.c >&5
configure:12911: $? = 0
configure:12918: result: yes
configure:12898: checking whether gcc understands -Werror=format-security
configure:12911: gcc -c -g -O2 -Werror=format-security  conftest.c >&5
configure:12911: $? = 0
configure:12918: result: yes
configure:12898: checking whether gcc understands -Werror=format=2
configure:12911: gcc -c -g -O2 -Werror=format=2  conftest.c >&5
configure:12911: $? = 0
configure:12918: result: yes
configure:12898: checking whether gcc understands -Werror=missing-include-dirs
configure:12911: gcc -c -g -O2 -Werror=missing-include-dirs  conftest.c >&5
configure:12911: $? = 0
configure:12918: result: yes
configure:12928: checking what warning flags to pass to the C compiler
configure:12930: result:  -Wall -Wstrict-prototypes -Wnested-externs -Werror=missing-prototypes -Werror=implicit-function-declaration -Werror=pointer-arith -Werror=init-self -Werror=format-security -Werror=format=2 -Werror=missing-include-dirs
configure:12941: checking what language compliance flags to pass to the C compiler
configure:12956: result: 
configure:13009: checking whether NLS is requested
configure:13018: result: yes
configure:13036: checking for intltool >= 0.41.0
configure:13038: result: 0.50.2 found
configure:13046: checking for intltool-update
configure:13064: found /usr/bin/intltool-update
configure:13076: result: /usr/bin/intltool-update
configure:13086: checking for intltool-merge
configure:13104: found /usr/bin/intltool-merge
configure:13116: result: /usr/bin/intltool-merge
configure:13126: checking for intltool-extract
configure:13144: found /usr/bin/intltool-extract
configure:13156: result: /usr/bin/intltool-extract
configure:13310: checking for xgettext
configure:13328: found /usr/bin/xgettext
configure:13340: result: /usr/bin/xgettext
configure:13350: checking for msgmerge
configure:13368: found /usr/bin/msgmerge
configure:13380: result: /usr/bin/msgmerge
configure:13390: checking for msgfmt
configure:13408: found /usr/bin/msgfmt
configure:13420: result: /usr/bin/msgfmt
configure:13430: checking for gmsgfmt
configure:13461: result: /usr/bin/msgfmt
configure:13481: checking for perl
configure:13499: found /usr/bin/perl
configure:13511: result: /usr/bin/perl
configure:13522: checking for perl >= 5.8.1
configure:13529: result: 5.18.2
configure:13533: checking for XML::Parser
configure:13536: result: ok
configure:13561: gcc -o conftest -g -O2   conftest.c  >&5
configure:13561: $? = 0
configure:13596: checking how to copy va_list
configure:13609: gcc -o conftest -g -O2   conftest.c  >&5
configure:13609: $? = 0
configure:13610: result: va_copy
configure:13698: checking for pkg-config
configure:13716: found /usr/bin/pkg-config
configure:13728: result: /usr/bin/pkg-config
configure:13753: checking pkg-config is at least version 0.9.0
configure:13756: result: yes
configure:13768: checking for gtk-doc
configure:13771: $PKG_CONFIG --exists --print-errors "$gtk_doc_requires"
configure:13774: $? = 0
configure:13780: result: yes
configure:13794: checking for gtkdoc-check
configure:13810: found /usr/bin/gtkdoc-check
configure:13821: result: gtkdoc-check.test
configure:13831: checking for gtkdoc-check
configure:13849: found /usr/bin/gtkdoc-check
configure:13861: result: /usr/bin/gtkdoc-check
configure:13873: checking for gtkdoc-rebase
configure:13891: found /usr/bin/gtkdoc-rebase
configure:13903: result: /usr/bin/gtkdoc-rebase
configure:13917: checking for gtkdoc-mkpdf
configure:13935: found /usr/bin/gtkdoc-mkpdf
configure:13947: result: /usr/bin/gtkdoc-mkpdf
configure:13975: checking whether to build gtk-doc documentation
configure:13977: result: no
configure:13990: checking for GTKDOC_DEPS
configure:13997: $PKG_CONFIG --exists --print-errors "glib-2.0 >= 2.10.0 gobject-2.0  >= 2.10.0"
configure:14000: $? = 0
configure:14014: $PKG_CONFIG --exists --print-errors "glib-2.0 >= 2.10.0 gobject-2.0  >= 2.10.0"
configure:14017: $? = 0
configure:14055: result: yes
configure:14146: checking for gobject-introspection
configure:14177: $PKG_CONFIG --exists --print-errors "gobject-introspection-1.0 >= 1.32.0"
configure:14180: $? = 0
configure:14192: result: yes
configure:14233: checking for GTK
configure:14244: $PKG_CONFIG --exists --print-errors "
  gtk+-3.0 >= $GTK_REQUIRED
  gmodule-2.0
  libxml-2.0 >= 2.4.0
"
configure:14251: $? = 0
configure:14273: $PKG_CONFIG --exists --print-errors "
  gtk+-3.0 >= $GTK_REQUIRED
  gmodule-2.0
  libxml-2.0 >= 2.4.0
"
configure:14280: $? = 0
configure:14354: result: yes
configure:14361: checking for GMODULE_EXPORT
configure:14370: $PKG_CONFIG --exists --print-errors "
  gmodule-export-2.0
"
configure:14375: $? = 0
configure:14393: $PKG_CONFIG --exists --print-errors "
  gmodule-export-2.0
"
configure:14398: $? = 0
configure:14464: result: yes
configure:14557: checking for cos in -lm
configure:14582: gcc -o conftest -g -O2   conftest.c -lm   >&5
conftest.c:35:6: warning: conflicting types for built-in function 'cos' [enabled by default]
 char cos ();
      ^
configure:14582: $? = 0
configure:14591: result: yes
configure:14605: checking for gtk_print_unix_dialog_new
configure:14605: gcc -o conftest -g -O2   conftest.c -Wl,--export-dynamic -pthread -L/usr/local/lib -lgtk-3 -lgdk-3 -latk-1.0 -lgio-2.0 -lpangocairo-1.0 -lgdk_pixbuf-2.0 -lcairo-gobject -lpango-1.0 -lcairo -lgobject-2.0 -lgmodule-2.0 -lglib-2.0 -lxml2   >&5
configure:14605: $? = 0
configure:14605: result: yes
configure:14643: checking for PYGOBJECT
configure:14650: $PKG_CONFIG --exists --print-errors "pygobject-3.0 >= $PYGOBJECT_REQS"
configure:14653: $? = 0
configure:14667: $PKG_CONFIG --exists --print-errors "pygobject-3.0 >= $PYGOBJECT_REQS"
configure:14670: $? = 0
configure:14708: result: yes
configure:14725: checking for python
configure:14743: found /usr/bin/python
configure:14755: result: /usr/bin/python
configure:14776: checking for python version
configure:14783: result: 2.7
configure:14795: checking for python platform
configure:14802: result: linux2
configure:14828: checking for python script directory
configure:14863: result: ${prefix}/lib/python2.7/dist-packages
configure:14872: checking for python extension module directory
configure:14907: result: ${exec_prefix}/lib/python2.7/dist-packages
configure:14921: checking for headers required to compile python extensions
configure:14942: gcc -E  -I/usr/include -I/usr/include -I/usr/include/python2.7 -I/usr/include/python2.7 conftest.c
configure:14942: $? = 0
configure:14943: result: found
configure:14955: checking for libraries required to embed python
configure:14993: gcc -o conftest -g -O2   conftest.c -Wl,--export-dynamic -pthread -L/usr/local/lib -lgtk-3 -lgdk-3 -latk-1.0 -lgio-2.0 -lpangocairo-1.0 -lgdk_pixbuf-2.0 -lcairo-gobject -lpango-1.0 -lcairo -lgobject-2.0 -lgmodule-2.0 -lglib-2.0 -lxml2   -L/usr/lib -L. -lpython2.7 >&5
configure:14993: $? = 0
configure:14994: result: yes
configure:15085: checking for itstool
configure:15101: found /usr/bin/itstool
configure:15112: result: itstool
configure:15127: checking for xmllint
configure:15143: found /usr/bin/xmllint
configure:15154: result: xmllint
configure:15353: checking for xsltproc
configure:15371: found /usr/bin/xsltproc
configure:15383: result: /usr/bin/xsltproc
configure:15801: checking that generated files are newer than configure
configure:15807: result: done
configure:15902: creating ./config.status

## ---------------------- ##
## Running config.status. ##
## ---------------------- ##

This file was extended by glade config.status 3.20.0, which was
generated by GNU Autoconf 2.69.  Invocation command line was

  CONFIG_FILES    = 
  CONFIG_HEADERS  = 
  CONFIG_LINKS    = 
  CONFIG_COMMANDS = 
  $ ./config.status 

on mariana-K46CB

config.status:1474: creating Makefile
config.status:1474: creating data/gladeui-2.0.pc
config.status:1474: creating data/glade.desktop.in
config.status:1474: creating data/Makefile
config.status:1474: creating data/icons/Makefile
config.status:1474: creating data/icons/hicolor/Makefile
config.status:1474: creating data/icons/hicolor/16x16/Makefile
config.status:1474: creating data/icons/hicolor/16x16/apps/Makefile
config.status:1474: creating data/icons/hicolor/22x22/Makefile
config.status:1474: creating data/icons/hicolor/22x22/apps/Makefile
config.status:1474: creating data/icons/hicolor/24x24/Makefile
config.status:1474: creating data/icons/hicolor/24x24/apps/Makefile
config.status:1474: creating data/icons/hicolor/32x32/Makefile
config.status:1474: creating data/icons/hicolor/32x32/apps/Makefile
config.status:1474: creating data/icons/hicolor/48x48/Makefile
config.status:1474: creating data/icons/hicolor/48x48/apps/Makefile
config.status:1474: creating data/icons/hicolor/256x256/Makefile
config.status:1474: creating data/icons/hicolor/256x256/apps/Makefile
config.status:1474: creating data/icons/hicolor/scalable/Makefile
config.status:1474: creating data/icons/hicolor/scalable/apps/Makefile
config.status:1474: creating gladeui/Makefile
config.status:1474: creating gladeui/gladeui.rc
config.status:1474: creating gladeui/glade-previewer.rc
config.status:1474: creating src/Makefile
config.status:1474: creating src/glade.rc
config.status:1474: creating plugins/Makefile
config.status:1474: creating plugins/gtk+/Makefile
config.status:1474: creating plugins/gtk+/icons/Makefile
config.status:1474: creating plugins/gtk+/icons/16x16/Makefile
config.status:1474: creating plugins/gtk+/icons/22x22/Makefile
config.status:1474: creating plugins/python/Makefile
config.status:1474: creating plugins/gladeui/Makefile
config.status:1474: creating po/Makefile.in
config.status:1474: creating doc/Makefile
config.status:1474: creating doc/version.xml
config.status:1474: creating help/Makefile
config.status:1474: creating man/Makefile
config.status:1474: creating tests/Makefile
config.status:1474: creating build/mingw-w64/glade.nsi
config.status:1474: creating config.h
config.status:1703: executing depfiles commands
config.status:1703: executing libtool commands
config.status:1703: executing po/stamp-it commands

## ---------------- ##
## Cache variables. ##
## ---------------- ##

ac_cv_build=x86_64-pc-linux-gnu
ac_cv_c_compiler_gnu=yes
ac_cv_env_CC_set=
ac_cv_env_CC_value=
ac_cv_env_CFLAGS_set=
ac_cv_env_CFLAGS_value=
ac_cv_env_CPPFLAGS_set=
ac_cv_env_CPPFLAGS_value=
ac_cv_env_CPP_set=
ac_cv_env_CPP_value=
ac_cv_env_GMODULE_EXPORT_CFLAGS_set=
ac_cv_env_GMODULE_EXPORT_CFLAGS_value=
ac_cv_env_GMODULE_EXPORT_LIBS_set=
ac_cv_env_GMODULE_EXPORT_LIBS_value=
ac_cv_env_GTKDOC_DEPS_CFLAGS_set=
ac_cv_env_GTKDOC_DEPS_CFLAGS_value=
ac_cv_env_GTKDOC_DEPS_LIBS_set=
ac_cv_env_GTKDOC_DEPS_LIBS_value=
ac_cv_env_GTK_CFLAGS_set=
ac_cv_env_GTK_CFLAGS_value=
ac_cv_env_GTK_LIBS_set=
ac_cv_env_GTK_LIBS_value=
ac_cv_env_GTK_MAC_CFLAGS_set=
ac_cv_env_GTK_MAC_CFLAGS_value=
ac_cv_env_GTK_MAC_LIBS_set=
ac_cv_env_GTK_MAC_LIBS_value=
ac_cv_env_ITSTOOL_set=
ac_cv_env_ITSTOOL_value=
ac_cv_env_LDFLAGS_set=
ac_cv_env_LDFLAGS_value=
ac_cv_env_LIBS_set=
ac_cv_env_LIBS_value=
ac_cv_env_LT_SYS_LIBRARY_PATH_set=
ac_cv_env_LT_SYS_LIBRARY_PATH_value=
ac_cv_env_PKG_CONFIG_LIBDIR_set=
ac_cv_env_PKG_CONFIG_LIBDIR_value=
ac_cv_env_PKG_CONFIG_PATH_set=set
ac_cv_env_PKG_CONFIG_PATH_value=/usr/local/lib/pkgconfig
ac_cv_env_PKG_CONFIG_set=
ac_cv_env_PKG_CONFIG_value=
ac_cv_env_PYGOBJECT_CFLAGS_set=
ac_cv_env_PYGOBJECT_CFLAGS_value=
ac_cv_env_PYGOBJECT_LIBS_set=
ac_cv_env_PYGOBJECT_LIBS_value=
ac_cv_env_PYTHON_set=
ac_cv_env_PYTHON_value=
ac_cv_env_XMLLINT_set=
ac_cv_env_XMLLINT_value=
ac_cv_env_build_alias_set=
ac_cv_env_build_alias_value=
ac_cv_env_host_alias_set=
ac_cv_env_host_alias_value=
ac_cv_env_target_alias_set=
ac_cv_env_target_alias_value=
ac_cv_func_dlopen=no
ac_cv_func_gtk_print_unix_dialog_new=yes
ac_cv_func_shl_load=no
ac_cv_header_dlfcn_h=yes
ac_cv_header_inttypes_h=yes
ac_cv_header_memory_h=yes
ac_cv_header_stdc=yes
ac_cv_header_stdint_h=yes
ac_cv_header_stdlib_h=yes
ac_cv_header_string_h=yes
ac_cv_header_strings_h=yes
ac_cv_header_sys_stat_h=yes
ac_cv_header_sys_types_h=yes
ac_cv_header_unistd_h=yes
ac_cv_host=x86_64-pc-linux-gnu
ac_cv_lib_dl_dlopen=yes
ac_cv_lib_dld_shl_load=no
ac_cv_lib_m_cos=yes
ac_cv_objext=o
ac_cv_path_EGREP='/bin/grep -E'
ac_cv_path_FGREP='/bin/grep -F'
ac_cv_path_GLIB_COMPILE_RESOURCES=/usr/local/bin/glib-compile-resources
ac_cv_path_GLIB_GENMARSHAL=/usr/local/bin/glib-genmarshal
ac_cv_path_GLIB_MKENUMS=/usr/local/bin/glib-mkenums
ac_cv_path_GMSGFMT=/usr/bin/msgfmt
ac_cv_path_GREP=/bin/grep
ac_cv_path_GTKDOC_CHECK_PATH=/usr/bin/gtkdoc-check
ac_cv_path_GTKDOC_MKPDF=/usr/bin/gtkdoc-mkpdf
ac_cv_path_GTKDOC_REBASE=/usr/bin/gtkdoc-rebase
ac_cv_path_INTLTOOL_EXTRACT=/usr/bin/intltool-extract
ac_cv_path_INTLTOOL_MERGE=/usr/bin/intltool-merge
ac_cv_path_INTLTOOL_PERL=/usr/bin/perl
ac_cv_path_INTLTOOL_UPDATE=/usr/bin/intltool-update
ac_cv_path_MSGFMT=/usr/bin/msgfmt
ac_cv_path_MSGMERGE=/usr/bin/msgmerge
ac_cv_path_PYTHON=/usr/bin/python
ac_cv_path_SED=/bin/sed
ac_cv_path_XGETTEXT=/usr/bin/xgettext
ac_cv_path_XSLTPROC=/usr/bin/xsltproc
ac_cv_path_ac_pt_PKG_CONFIG=/usr/bin/pkg-config
ac_cv_path_install='/usr/bin/install -c'
ac_cv_path_lt_DD=/bin/dd
ac_cv_path_mkdir=/bin/mkdir
ac_cv_prog_AWK=mawk
ac_cv_prog_CPP='gcc -E'
ac_cv_prog_GTKDOC_CHECK=gtkdoc-check.test
ac_cv_prog_ITSTOOL=itstool
ac_cv_prog_XMLLINT=xmllint
ac_cv_prog_ac_ct_AR=ar
ac_cv_prog_ac_ct_CC=gcc
ac_cv_prog_ac_ct_MANIFEST_TOOL=mt
ac_cv_prog_ac_ct_OBJDUMP=objdump
ac_cv_prog_ac_ct_RANLIB=ranlib
ac_cv_prog_ac_ct_STRIP=strip
ac_cv_prog_cc_c89=
ac_cv_prog_cc_g=yes
ac_cv_prog_make_make_set=yes
ac_cv_target=x86_64-pc-linux-gnu
am_cv_CC_dependencies_compiler_type=gcc3
am_cv_make_support_nested_variables=yes
am_cv_prog_cc_c_o=yes
am_cv_python_platform=linux2
am_cv_python_pyexecdir='${exec_prefix}/lib/python2.7/dist-packages'
am_cv_python_pythondir='${prefix}/lib/python2.7/dist-packages'
am_cv_python_version=2.7
lt_cv_ar_at_file=@
lt_cv_archive_cmds_need_lc=no
lt_cv_deplibs_check_method=pass_all
lt_cv_dlopen=dlopen
lt_cv_dlopen_libs=-ldl
lt_cv_dlopen_self=yes
lt_cv_dlopen_self_static=no
lt_cv_file_magic_cmd='$MAGIC_CMD'
lt_cv_file_magic_test_file=
lt_cv_ld_reload_flag=-r
lt_cv_nm_interface='BSD nm'
lt_cv_objdir=.libs
lt_cv_path_LD=/usr/bin/ld
lt_cv_path_NM='/usr/bin/nm -B'
lt_cv_path_mainfest_tool=no
lt_cv_prog_compiler_c_o=yes
lt_cv_prog_compiler_pic='-fPIC -DPIC'
lt_cv_prog_compiler_pic_works=yes
lt_cv_prog_compiler_rtti_exceptions=no
lt_cv_prog_compiler_static_works=yes
lt_cv_prog_gnu_ld=yes
lt_cv_sharedlib_from_linklib_cmd='printf %s\n'
lt_cv_shlibpath_overrides_runpath=no
lt_cv_sys_global_symbol_pipe='sed -n -e '\''s/^.*[	 ]\([ABCDGIRSTW][ABCDGIRSTW]*\)[	 ][	 ]*\([_A-Za-z][_A-Za-z0-9]*\)$/\1 \2 \2/p'\'' | sed '\''/ __gnu_lto/d'\'''
lt_cv_sys_global_symbol_to_c_name_address='sed -n -e '\''s/^: \(.*\) .*$/  {"\1", (void *) 0},/p'\'' -e '\''s/^[ABCDGIRSTW][ABCDGIRSTW]* .* \(.*\)$/  {"\1", (void *) \&\1},/p'\'''
lt_cv_sys_global_symbol_to_c_name_address_lib_prefix='sed -n -e '\''s/^: \(.*\) .*$/  {"\1", (void *) 0},/p'\'' -e '\''s/^[ABCDGIRSTW][ABCDGIRSTW]* .* \(lib.*\)$/  {"\1", (void *) \&\1},/p'\'' -e '\''s/^[ABCDGIRSTW][ABCDGIRSTW]* .* \(.*\)$/  {"lib\1", (void *) \&\1},/p'\'''
lt_cv_sys_global_symbol_to_cdecl='sed -n -e '\''s/^T .* \(.*\)$/extern int \1();/p'\'' -e '\''s/^[ABCDGIRSTW][ABCDGIRSTW]* .* \(.*\)$/extern char \1;/p'\'''
lt_cv_sys_global_symbol_to_import=
lt_cv_sys_max_cmd_len=1572864
lt_cv_to_host_file_cmd=func_convert_file_noop
lt_cv_to_tool_file_cmd=func_convert_file_noop
lt_cv_truncate_bin='/bin/dd bs=4096 count=1'
pkg_cv_GMODULE_EXPORT_CFLAGS='-pthread -I/usr/local/include/glib-2.0 -I/usr/local/lib/glib-2.0/include  '
pkg_cv_GMODULE_EXPORT_LIBS='-Wl,--export-dynamic -pthread -L/usr/local/lib -lgmodule-2.0 -lglib-2.0  '
pkg_cv_GTKDOC_DEPS_CFLAGS='-I/usr/local/include/glib-2.0 -I/usr/local/lib/glib-2.0/include  '
pkg_cv_GTKDOC_DEPS_LIBS='-L/usr/local/lib -lgobject-2.0 -lglib-2.0  '
pkg_cv_GTK_CFLAGS='-pthread -I/usr/local/include/gtk-3.0 -I/usr/local/include/atk-1.0 -I/usr/local/include/pango-1.0 -I/usr/local/include/gio-unix-2.0/ -I/usr/local/include/cairo -I/usr/local/include/glib-2.0 -I/usr/local/lib/glib-2.0/include -I/usr/include/at-spi2-atk/2.0 -I/usr/include/gdk-pixbuf-2.0 -I/usr/include/harfbuzz -I/usr/include/freetype2 -I/usr/include/pixman-1 -I/usr/include/libpng12 -I/usr/include/libxml2  '
pkg_cv_GTK_LIBS='-Wl,--export-dynamic -pthread -L/usr/local/lib -lgtk-3 -lgdk-3 -latk-1.0 -lgio-2.0 -lpangocairo-1.0 -lgdk_pixbuf-2.0 -lcairo-gobject -lpango-1.0 -lcairo -lgobject-2.0 -lgmodule-2.0 -lglib-2.0 -lxml2  '
pkg_cv_PYGOBJECT_CFLAGS='-I/usr/local/include/glib-2.0 -I/usr/local/lib/glib-2.0/include -I/usr/include/pygobject-3.0  '
pkg_cv_PYGOBJECT_LIBS='-L/usr/local/lib -lgobject-2.0 -lglib-2.0  '

## ----------------- ##
## Output variables. ##
## ----------------- ##
















	        $(LN_S) -f "$(HELP_DIR)/C/$(HELP_ID)/$$f" "$$helpdir$$f" || exit 1; \
	        echo "$(LN_S) -f $(HELP_DIR)/C/$(HELP_ID)/$$f $$helpdir$$f"; \
	      $(INSTALL_DATA) "$$d$$lc/$$f" "$$helpdir$$f" || exit 1; \
	      echo "$(INSTALL_DATA) $$d$$lc/$$f $$helpdir$$f"; \
	      fi; \
	      if test "x$(YELP_LC_MEDIA_LINKS)" != "x"; then \
	    $(ITSTOOL) -o "$(notdir $@).tmp" $(_HELP_C_FILES) && \
	    $(ITSTOOL) -o "$(notdir $@).tmp" $(_HELP_C_FILES) && \
	    $(XMLLINT) --noout --noent --path "$$xmlpath" --xinclude "$$d$$lc/$$page"; \
	    cp -p "$$d$$lc/$$file" "$(distdir)/$$lc/" || exit 1; \
	    d="$(srcdir)/"; \
	    echo "$(XMLLINT) --noout --noent --path $$xmlpath --xinclude $$d$$lc/$$page"; \
	    echo "rm -f $$helpdir$$f"; \
	    elif test "x$$lc" != "xC"; then \
	    fi; \
	    helpdir="$(DESTDIR)$(HELP_DIR)/$$lc/$(HELP_ID)/"; \
	    helpdir="$(DESTDIR)$(HELP_DIR)/$$lc/$(HELP_ID)/"; \
	    if ! test -d "$$helpdir$$mdir"; then $(mkinstalldirs) "$$helpdir$$mdir"; fi; \
	    if test "x$mdir" = "x."; then mdir=""; fi; \
	    if test -f "$$d$$lc/$$f"; then \
	    if test -f "$$lc$$f"; then d=; else d="$(srcdir)/"; fi; \
	    if test -f "$$lc/$$file"; then d=./; else d=$(srcdir)/; fi; \
	    mdir=`dirname "$$f"`; \
	    msgmerge -o "$(notdir $@)" "$(notdir $@)" "$(notdir $@).tmp" && \
	    mv "$(notdir $@).tmp" "$(notdir $@)"); \
	    rm "$(notdir $@).tmp"); \
	    rm -f "$$helpdir$$f"; \
	    then d=; \
	    xmlpath="$$lc"; \
	    xmlpath="$$lc:$(srcdir)/$$lc"; \
	  $(INSTALL_DATA) "$$d$$f" "$$helpdir`basename $$f`" || exit 1; \
	  $(INSTALL_DATA) "$$d$$lc/$$f" "$$helpdir`basename $$f`" || exit 1; \
	  $(MKDIR_P) "$(distdir)/$$lc"; \
	  $(mkinstalldirs) "$(DESTDIR)$(HELP_DIR)/$$lc/$(HELP_ID)" || exit 1; \
	  (cd "$(dir $@)" && \
	  (cd "$(dir $@)" && \
	  done; \
	  done; \
	  done; \
	  done; \
	  echo "$(INSTALL_DATA) $$d$$f $$helpdir`basename $$f`"; \
	  echo "$(INSTALL_DATA) $$d$$lc/$$f $$helpdir`basename $$f`"; \
	  echo "rm -f $$helpdir`basename $$f`"; \
	  echo "rm -f $$helpdir`basename $$f`"; \
	  else \
	  fi; \
	  for file in $(HELP_FILES); do \
	  for lc in C $(_HELP_LINGUAS); do \
	  for lc in C $(_HELP_LINGUAS); do \
	  for page in $(HELP_FILES); do \
	  helpdir="$(DESTDIR)$(HELP_DIR)/$$lc/$(HELP_ID)/"; \
	  helpdir="$(DESTDIR)$(HELP_DIR)/$$lc/$(HELP_ID)/"; \
	  helpdir="$(DESTDIR)$(HELP_DIR)/$$lc/$(HELP_ID)/"; \
	  helpdir="$(DESTDIR)$(HELP_DIR)/$$lc/$(HELP_ID)/"; \
	  if ! test -d "$$helpdir"; then $(mkinstalldirs) "$$helpdir"; fi; \
	  if ! test -d "$$helpdir"; then $(mkinstalldirs) "$$helpdir"; fi; \
	  if test "x$(_HELP_V)" = "x0"; then echo "  GEN    $${po}"; fi; \
	  if test -d "$$lc"; \
	  if test -f "$$f"; then d=; else d="$(srcdir)/"; fi; \
	  if test -f "$$lc/$$f"; then d=; else d="$(srcdir)/"; fi; \
	  lc=`dirname "$$f"`; lc=`basename "$$lc"`; \
	  lc=`dirname "$$f"`; lc=`basename "$$lc"`; \
	  msgmerge -q -o "$${po}" "$${po}" "$(_HELP_POTFILE)"; \
	  rm -f "$$helpdir`basename $$f`"; \
	  rm -f "$$helpdir`basename $$f`"; \
	$(AM_V_GEN)if ! test -f "$@"; then \
	$(AM_V_GEN)if test -d "C"; then d=; else d="$(srcdir)/"; fi; \
	$(AM_V_GEN)msgfmt -o "$@" "$<"
	$(AM_V_at)for po in $(_HELP_POFILES); do \
	$(AM_V_at)if ! test -d "$(dir $@)"; then mkdir "$(dir $@)"; fi
	$(AM_V_at)if ! test -d "$(dir $@)"; then mkdir "$(dir $@)"; fi
	$(AM_V_at)if ! test -d "$(dir $@)"; then mkdir "$(dir $@)"; fi
	$(AM_V_at)if test ! -f "$@" -a -f "$(srcdir)/$@"; then cp "$(srcdir)/$@" "$@"; fi
	$(ITSTOOL) -o "$@" $(foreach f,$(_HELP_C_FILES),"$${d}$(f)")
	$(_HELP_LC_VERBOSE)if test -d "C"; then d="../"; else d="$(abs_srcdir)/"; fi; \
	(cd "$(dir $@)" && $(ITSTOOL) -m "$${mo}" $(foreach f,$(_HELP_C_FILES),$${d}/$(f))) && \
	@for f in $(HELP_MEDIA); do \
	@for f in $(HELP_MEDIA); do \
	@for f in $(_HELP_C_EXTRA); do \
	@for f in $(_HELP_C_EXTRA); do \
	@for lc in C $(_HELP_LINGUAS); do \
	@for lc in C $(_HELP_LINGUAS); do for f in $(HELP_FILES); do \
	@for lc in C $(if $(YELP_LC_DIST),$(HELP_LINGUAS)) ; do \
	done
	done
	done
	done
	done
	done
	done;
	done; \
	done; done
	done; done
	else \
	fi
	for lc in C $(_HELP_LINGUAS); do \
	for lc in C $(_HELP_LINGUAS); do for f in $(HELP_FILES); do \
	if test -f "$${mo}"; then mo="../$${mo}"; else mo="$(abs_srcdir)/$${mo}"; fi; \
	mo="$(dir $@)$(patsubst %/$(notdir $@),%,$@).mo"; \
	rm -f $(_HELP_LC_FILES) $(_HELP_LC_STAMPS) $(_HELP_MOFILES)
	touch "$@"
$(_HELP_LC_FILES): $(_HELP_LINGUAS)
$(_HELP_LC_STAMPS): $(_HELP_C_FILES) $(_HELP_C_EXTRA)
$(_HELP_LC_STAMPS): %.stamp: %.mo
$(_HELP_LINGUAS): $(_HELP_LC_STAMPS)
$(_HELP_MOFILES): %.mo: %.po
$(_HELP_POFILES):
$(_HELP_POTFILE): $(_HELP_C_FILES) $(_HELP_C_EXTRA) $(_HELP_C_MEDIA)
'
.PHONY: check-help
.PHONY: clean-help
.PHONY: install-help
.PHONY: pot
.PHONY: repo
.PHONY: uninstall-help
ACLOCAL='${SHELL} /home/mariana/Documentos/CG/glade-3.20.0/missing aclocal-1.15'
ALL_LINGUAS=''
AMDEPBACKSLASH='\'
AMDEP_FALSE='#'
AMDEP_TRUE=''
AMTAR='$${TAR-tar}'
AM_BACKSLASH='\'
AM_CFLAGS=''
AM_CPPFLAGS=''
AM_CXXFLAGS=''
AM_DEFAULT_V='$(AM_DEFAULT_VERBOSITY)'
AM_DEFAULT_VERBOSITY='0'
AM_LDFLAGS=''
AM_V='$(V)'
AR='ar'
AS='as'
AUTOCONF='${SHELL} /home/mariana/Documentos/CG/glade-3.20.0/missing autoconf'
AUTOHEADER='${SHELL} /home/mariana/Documentos/CG/glade-3.20.0/missing autoheader'
AUTOMAKE='${SHELL} /home/mariana/Documentos/CG/glade-3.20.0/missing automake-1.15'
AWK='mawk'
BUILD_GLADEUI_FALSE=''
BUILD_GLADEUI_TRUE='#'
BUILD_MAN_PAGES_FALSE='#'
BUILD_MAN_PAGES_TRUE=''
BUILD_PYTHON_FALSE='#'
BUILD_PYTHON_TRUE=''
CC='gcc'
CCDEPMODE='depmode=gcc3'
CFLAGS='-g -O2'
CPP='gcc -E'
CPPFLAGS=''
CYGPATH_W='echo'
DATADIRNAME='share'
DEFS='-DHAVE_CONFIG_H'
DEPDIR='.deps'
DISABLE_DEPRECATED=' -DGCONF_DISABLE_DEPRECATED -DGCONF_DISABLE_SINGLE_INCLUDES -DBONOBO_DISABLE_DEPRECATED -DBONOBO_DISABLE_SINGLE_INCLUDES -DBONOBO_UI_DISABLE_DEPRECATED -DBONOBO_UI_DISABLE_SINGLE_INCLUDES -DGNOME_DISABLE_DEPRECATED -DGNOME_DISABLE_SINGLE_INCLUDES -DLIBGLADE_DISABLE_DEPRECATED -DLIBGLADE_DISABLE_SINGLE_INCLUDES -DGNOME_VFS_DISABLE_DEPRECATED -DGNOME_VFS_DISABLE_SINGLE_INCLUDES -DWNCK_DISABLE_DEPRECATED -DWNCK_DISABLE_SINGLE_INCLUDES -DLIBSOUP_DISABLE_DEPRECATED -DLIBSOUP_DISABLE_SINGLE_INCLUDES'
DLLTOOL=''
DSYMUTIL=''
DUMPBIN=''
ECHO_C=''
ECHO_N='-n'
ECHO_T=''
EGREP='/bin/grep -E'
ENABLE_GTK_DOC_FALSE=''
ENABLE_GTK_DOC_TRUE='#'
EXEEXT=''
EXTRA_DIST += $(_HELP_C_EXTRA) $(_HELP_C_MEDIA)
EXTRA_DIST += $(foreach f,$(HELP_MEDIA),$(foreach lc,$(HELP_LINGUAS),$(wildcard $(lc)/$(f))))
EXTRA_DIST += $(foreach lc,$(HELP_LINGUAS),$(lc)/$(lc).po)
EXTRA_DIST += $(if $(YELP_LC_DIST),$(foreach lc,$(HELP_LINGUAS),$(lc)/$(lc).stamp))
EXTRA_DIST ?=
FGREP='/bin/grep -F'
GDK_TARGET_QUARTZ_FALSE=''
GDK_TARGET_QUARTZ_TRUE='#'
GETTEXT_PACKAGE='glade'
GLADE_AGE='3'
GLADE_CURRENT='9'
GLADE_CURRENT_MINUS_AGE='6'
GLADE_DEBUG_FALSE=''
GLADE_DEBUG_FLAGS=''
GLADE_DEBUG_TRUE='#'
GLADE_MAJOR_VERSION='3'
GLADE_MICRO_VERSION='0'
GLADE_MINOR_VERSION='20'
GLADE_REVISION='0'
GLADE_TEST_ENVIRONMENT='GLADE_TESTING=1 GLADE_CATALOG_SEARCH_PATH=$(top_srcdir)/plugins/gtk+ GLADE_MODULE_SEARCH_PATH=$(top_builddir)/plugins/gtk+/.libs'
GLADE_UNSTABLE='no'
GLADE_UNSTABLE_FALSE=''
GLADE_UNSTABLE_TRUE='#'
GLIB_COMPILE_RESOURCES='/usr/local/bin/glib-compile-resources'
GLIB_GENMARSHAL='/usr/local/bin/glib-genmarshal'
GLIB_MKENUMS='/usr/local/bin/glib-mkenums'
GMODULE_EXPORT_CFLAGS='-pthread -I/usr/local/include/glib-2.0 -I/usr/local/lib/glib-2.0/include  '
GMODULE_EXPORT_LIBS='-Wl,--export-dynamic -pthread -L/usr/local/lib -lgmodule-2.0 -lglib-2.0  '
GMSGFMT='/usr/bin/msgfmt'
GREP='/bin/grep'
GTKDOC_CHECK='gtkdoc-check.test'
GTKDOC_CHECK_PATH='/usr/bin/gtkdoc-check'
GTKDOC_DEPS_CFLAGS='-I/usr/local/include/glib-2.0 -I/usr/local/lib/glib-2.0/include  '
GTKDOC_DEPS_LIBS='-L/usr/local/lib -lgobject-2.0 -lglib-2.0  '
GTKDOC_MKPDF='/usr/bin/gtkdoc-mkpdf'
GTKDOC_REBASE='/usr/bin/gtkdoc-rebase'
GTK_CFLAGS='-pthread -I/usr/local/include/gtk-3.0 -I/usr/local/include/atk-1.0 -I/usr/local/include/pango-1.0 -I/usr/local/include/gio-unix-2.0/ -I/usr/local/include/cairo -I/usr/local/include/glib-2.0 -I/usr/local/lib/glib-2.0/include -I/usr/include/at-spi2-atk/2.0 -I/usr/include/gdk-pixbuf-2.0 -I/usr/include/harfbuzz -I/usr/include/freetype2 -I/usr/include/pixman-1 -I/usr/include/libpng12 -I/usr/include/libxml2  '
GTK_DOC_BUILD_HTML_FALSE='#'
GTK_DOC_BUILD_HTML_TRUE=''
GTK_DOC_BUILD_PDF_FALSE=''
GTK_DOC_BUILD_PDF_TRUE='#'
GTK_DOC_USE_LIBTOOL_FALSE='#'
GTK_DOC_USE_LIBTOOL_TRUE=''
GTK_DOC_USE_REBASE_FALSE='#'
GTK_DOC_USE_REBASE_TRUE=''
GTK_LIBS='-Wl,--export-dynamic -pthread -L/usr/local/lib -lgtk-3 -lgdk-3 -latk-1.0 -lgio-2.0 -lpangocairo-1.0 -lgdk_pixbuf-2.0 -lcairo-gobject -lpango-1.0 -lcairo -lgobject-2.0 -lgmodule-2.0 -lglib-2.0 -lxml2  '
GTK_MAC_BUNDLE_FLAG=''
GTK_MAC_CFLAGS=''
GTK_MAC_LIBS=''
HAVE_GTK_DOC_FALSE='#'
HAVE_GTK_DOC_TRUE=''
HAVE_GTK_UNIX_PRINT_FALSE='#'
HAVE_GTK_UNIX_PRINT_TRUE=''
HAVE_INTROSPECTION_FALSE='#'
HAVE_INTROSPECTION_TRUE=''
HELP_DIR='${datadir}/help'
HELP_EXTRA ?=
HELP_FILES ?=
HELP_ID ?=
HELP_LINGUAS ?=
HELP_MEDIA ?=
HELP_POT ?=
HTML_DIR='${datadir}/gtk-doc/html'
INSTALL_DATA='${INSTALL} -m 644'
INSTALL_PROGRAM='${INSTALL}'
INSTALL_SCRIPT='${INSTALL}'
INSTALL_STRIP_PROGRAM='$(install_sh) -c -s'
INTLTOOL_CAVES_RULE='%.caves:     %.caves.in     $(INTLTOOL_MERGE) $(wildcard $(top_srcdir)/po/*.po) ; $(INTLTOOL_V_MERGE)LC_ALL=C $(INTLTOOL_MERGE) $(INTLTOOL_V_MERGE_OPTIONS) -d -u -c $(top_builddir)/po/.intltool-merge-cache $(top_srcdir)/po $< $@'
INTLTOOL_DESKTOP_RULE='%.desktop:   %.desktop.in   $(INTLTOOL_MERGE) $(wildcard $(top_srcdir)/po/*.po) ; $(INTLTOOL_V_MERGE)LC_ALL=C $(INTLTOOL_MERGE) $(INTLTOOL_V_MERGE_OPTIONS) -d -u -c $(top_builddir)/po/.intltool-merge-cache $(top_srcdir)/po $< $@'
INTLTOOL_DIRECTORY_RULE='%.directory: %.directory.in $(INTLTOOL_MERGE) $(wildcard $(top_srcdir)/po/*.po) ; $(INTLTOOL_V_MERGE)LC_ALL=C $(INTLTOOL_MERGE) $(INTLTOOL_V_MERGE_OPTIONS) -d -u -c $(top_builddir)/po/.intltool-merge-cache $(top_srcdir)/po $< $@'
INTLTOOL_EXTRACT='/usr/bin/intltool-extract'
INTLTOOL_KBD_RULE='%.kbd:       %.kbd.in       $(INTLTOOL_MERGE) $(wildcard $(top_srcdir)/po/*.po) ; $(INTLTOOL_V_MERGE)LC_ALL=C $(INTLTOOL_MERGE) $(INTLTOOL_V_MERGE_OPTIONS) -x -u -m -c $(top_builddir)/po/.intltool-merge-cache $(top_srcdir)/po $< $@'
INTLTOOL_KEYS_RULE='%.keys:      %.keys.in      $(INTLTOOL_MERGE) $(wildcard $(top_srcdir)/po/*.po) ; $(INTLTOOL_V_MERGE)LC_ALL=C $(INTLTOOL_MERGE) $(INTLTOOL_V_MERGE_OPTIONS) -k -u -c $(top_builddir)/po/.intltool-merge-cache $(top_srcdir)/po $< $@'
INTLTOOL_MERGE='/usr/bin/intltool-merge'
INTLTOOL_OAF_RULE='%.oaf:       %.oaf.in       $(INTLTOOL_MERGE) $(wildcard $(top_srcdir)/po/*.po) ; $(INTLTOOL_V_MERGE)LC_ALL=C $(INTLTOOL_MERGE) $(INTLTOOL_V_MERGE_OPTIONS) -o -p $(top_srcdir)/po $< $@'
INTLTOOL_PERL='/usr/bin/perl'
INTLTOOL_POLICY_RULE='%.policy:    %.policy.in    $(INTLTOOL_MERGE) $(wildcard $(top_srcdir)/po/*.po) ; $(INTLTOOL_V_MERGE)LC_ALL=C $(INTLTOOL_MERGE) $(INTLTOOL_V_MERGE_OPTIONS) -x -u -c $(top_builddir)/po/.intltool-merge-cache $(top_srcdir)/po $< $@'
INTLTOOL_PONG_RULE='%.pong:      %.pong.in      $(INTLTOOL_MERGE) $(wildcard $(top_srcdir)/po/*.po) ; $(INTLTOOL_V_MERGE)LC_ALL=C $(INTLTOOL_MERGE) $(INTLTOOL_V_MERGE_OPTIONS) -x -u -c $(top_builddir)/po/.intltool-merge-cache $(top_srcdir)/po $< $@'
INTLTOOL_PROP_RULE='%.prop:      %.prop.in      $(INTLTOOL_MERGE) $(wildcard $(top_srcdir)/po/*.po) ; $(INTLTOOL_V_MERGE)LC_ALL=C $(INTLTOOL_MERGE) $(INTLTOOL_V_MERGE_OPTIONS) -d -u -c $(top_builddir)/po/.intltool-merge-cache $(top_srcdir)/po $< $@'
INTLTOOL_SCHEMAS_RULE='%.schemas:   %.schemas.in   $(INTLTOOL_MERGE) $(wildcard $(top_srcdir)/po/*.po) ; $(INTLTOOL_V_MERGE)LC_ALL=C $(INTLTOOL_MERGE) $(INTLTOOL_V_MERGE_OPTIONS) -s -u -c $(top_builddir)/po/.intltool-merge-cache $(top_srcdir)/po $< $@'
INTLTOOL_SERVER_RULE='%.server:    %.server.in    $(INTLTOOL_MERGE) $(wildcard $(top_srcdir)/po/*.po) ; $(INTLTOOL_V_MERGE)LC_ALL=C $(INTLTOOL_MERGE) $(INTLTOOL_V_MERGE_OPTIONS) -o -u -c $(top_builddir)/po/.intltool-merge-cache $(top_srcdir)/po $< $@'
INTLTOOL_SERVICE_RULE='%.service: %.service.in   $(INTLTOOL_MERGE) $(wildcard $(top_srcdir)/po/*.po) ; $(INTLTOOL_V_MERGE)LC_ALL=C $(INTLTOOL_MERGE) $(INTLTOOL_V_MERGE_OPTIONS) -d -u -c $(top_builddir)/po/.intltool-merge-cache $(top_srcdir)/po $< $@'
INTLTOOL_SHEET_RULE='%.sheet:     %.sheet.in     $(INTLTOOL_MERGE) $(wildcard $(top_srcdir)/po/*.po) ; $(INTLTOOL_V_MERGE)LC_ALL=C $(INTLTOOL_MERGE) $(INTLTOOL_V_MERGE_OPTIONS) -x -u -c $(top_builddir)/po/.intltool-merge-cache $(top_srcdir)/po $< $@'
INTLTOOL_SOUNDLIST_RULE='%.soundlist: %.soundlist.in $(INTLTOOL_MERGE) $(wildcard $(top_srcdir)/po/*.po) ; $(INTLTOOL_V_MERGE)LC_ALL=C $(INTLTOOL_MERGE) $(INTLTOOL_V_MERGE_OPTIONS) -d -u -c $(top_builddir)/po/.intltool-merge-cache $(top_srcdir)/po $< $@'
INTLTOOL_THEME_RULE='%.theme:     %.theme.in     $(INTLTOOL_MERGE) $(wildcard $(top_srcdir)/po/*.po) ; $(INTLTOOL_V_MERGE)LC_ALL=C $(INTLTOOL_MERGE) $(INTLTOOL_V_MERGE_OPTIONS) -d -u -c $(top_builddir)/po/.intltool-merge-cache $(top_srcdir)/po $< $@'
INTLTOOL_UI_RULE='%.ui:        %.ui.in        $(INTLTOOL_MERGE) $(wildcard $(top_srcdir)/po/*.po) ; $(INTLTOOL_V_MERGE)LC_ALL=C $(INTLTOOL_MERGE) $(INTLTOOL_V_MERGE_OPTIONS) -x -u -c $(top_builddir)/po/.intltool-merge-cache $(top_srcdir)/po $< $@'
INTLTOOL_UPDATE='/usr/bin/intltool-update'
INTLTOOL_V_MERGE='$(INTLTOOL__v_MERGE_$(V))'
INTLTOOL_V_MERGE_OPTIONS='$(intltool__v_merge_options_$(V))'
INTLTOOL_XAM_RULE='%.xam:       %.xml.in       $(INTLTOOL_MERGE) $(wildcard $(top_srcdir)/po/*.po) ; $(INTLTOOL_V_MERGE)LC_ALL=C $(INTLTOOL_MERGE) $(INTLTOOL_V_MERGE_OPTIONS) -x -u -c $(top_builddir)/po/.intltool-merge-cache $(top_srcdir)/po $< $@'
INTLTOOL_XML_NOMERGE_RULE='%.xml:       %.xml.in       $(INTLTOOL_MERGE) ; $(INTLTOOL_V_MERGE)LC_ALL=C $(INTLTOOL_MERGE) $(INTLTOOL_V_MERGE_OPTIONS) -x -u --no-translations $< $@'
INTLTOOL_XML_RULE='%.xml:       %.xml.in       $(INTLTOOL_MERGE) $(wildcard $(top_srcdir)/po/*.po) ; $(INTLTOOL_V_MERGE)LC_ALL=C $(INTLTOOL_MERGE) $(INTLTOOL_V_MERGE_OPTIONS) -x -u -c $(top_builddir)/po/.intltool-merge-cache $(top_srcdir)/po $< $@'
INTLTOOL__v_MERGE_0='@echo "  ITMRG " $@;'
INTLTOOL__v_MERGE_='$(INTLTOOL__v_MERGE_$(AM_DEFAULT_VERBOSITY))'
INTROSPECTION_CFLAGS='-pthread -I/usr/local/include/glib-2.0 -I/usr/local/lib/glib-2.0/include -I/usr/include/gobject-introspection-1.0  '
INTROSPECTION_COMPILER='/usr/bin/g-ir-compiler'
INTROSPECTION_GENERATE='/usr/bin/g-ir-generate'
INTROSPECTION_GIRDIR='/usr/share/gir-1.0'
INTROSPECTION_LIBS='-L/usr/local/lib -lgirepository-1.0 -lgobject-2.0 -lglib-2.0  '
INTROSPECTION_MAKEFILE='/usr/share/gobject-introspection-1.0/Makefile.introspection'
INTROSPECTION_SCANNER='/usr/bin/g-ir-scanner'
INTROSPECTION_TYPELIBDIR='/usr/lib/girepository-1.0'
ITSTOOL='itstool'
LD='/usr/bin/ld -m elf_x86_64'
LDFLAGS=''
LIBM='-lm'
LIBOBJS=''
LIBS='-Wl,--export-dynamic -pthread -L/usr/local/lib -lgtk-3 -lgdk-3 -latk-1.0 -lgio-2.0 -lpangocairo-1.0 -lgdk_pixbuf-2.0 -lcairo-gobject -lpango-1.0 -lcairo -lgobject-2.0 -lgmodule-2.0 -lglib-2.0 -lxml2  '
LIBTOOL='$(SHELL) $(top_builddir)/libtool'
LIPO=''
LN_S='ln -s'
LTLIBOBJS=''
LT_SYS_LIBRARY_PATH=''
MAINT=''
MAINTAINER_MODE_FALSE='#'
MAINTAINER_MODE_TRUE=''
MAKEINFO='${SHELL} /home/mariana/Documentos/CG/glade-3.20.0/missing makeinfo'
MANIFEST_TOOL=':'
MKDIR_P='/bin/mkdir -p'
MSGFMT='/usr/bin/msgfmt'
MSGMERGE='/usr/bin/msgmerge'
NATIVE_WIN32_FALSE=''
NATIVE_WIN32_TRUE='#'
NM='/usr/bin/nm -B'
NMEDIT=''
OBJDUMP='objdump'
OBJEXT='o'
OTOOL64=''
OTOOL=''
PACKAGE='glade'
PACKAGE_BUGREPORT='http://bugzilla.gnome.org/enter_bug.cgi?product=glade'
PACKAGE_NAME='glade'
PACKAGE_STRING='glade 3.20.0'
PACKAGE_TARNAME='glade'
PACKAGE_URL='http://glade.gnome.org/'
PACKAGE_VERSION='3.20.0'
PATH_SEPARATOR=':'
PKG_CONFIG='/usr/bin/pkg-config'
PKG_CONFIG_LIBDIR=''
PKG_CONFIG_PATH='/usr/local/lib/pkgconfig'
PLATFORM_WIN32_FALSE=''
PLATFORM_WIN32_TRUE='#'
PLUGINS_WARN_CFLAGS='-Wall -Wnested-externs -Wpointer-arith'
PYGOBJECT_CFLAGS='-I/usr/local/include/glib-2.0 -I/usr/local/lib/glib-2.0/include -I/usr/include/pygobject-3.0  '
PYGOBJECT_LIBS='-L/usr/local/lib -lgobject-2.0 -lglib-2.0  '
PYTHON='/usr/bin/python'
PYTHON_EXEC_PREFIX='${exec_prefix}'
PYTHON_INCLUDES='-I/usr/include -I/usr/include -I/usr/include/python2.7 -I/usr/include/python2.7'
PYTHON_LIBS='-L/usr/lib -L. -lpython2.7'
PYTHON_LIB_LOC='/usr/lib'
PYTHON_PLATFORM='linux2'
PYTHON_PREFIX='${prefix}'
PYTHON_VERSION='2.7'
RANLIB='ranlib'
SED='/bin/sed'
SET_MAKE=''
SHELL='/bin/bash'
STRIP='strip'
USE_NLS='yes'
VERSION='3.20.0'
WARN_CFLAGS=' -Wall -Wstrict-prototypes -Wnested-externs -Werror=missing-prototypes -Werror=implicit-function-declaration -Werror=pointer-arith -Werror=init-self -Werror=format-security -Werror=format=2 -Werror=missing-include-dirs '
WINDRES=''
XGETTEXT='/usr/bin/xgettext'
XMLLINT='xmllint'
XSLTPROC='/usr/bin/xsltproc'
YELP_HELP_RULES='
YELP_LC_DIST='true'
YELP_LC_MEDIA_LINKS='true'
_HELP_C_EXTRA = $(foreach f,$(HELP_EXTRA),C/$(f))
_HELP_C_FILES = $(foreach f,$(HELP_FILES),C/$(f))
_HELP_C_MEDIA = $(foreach f,$(HELP_MEDIA),C/$(f))
_HELP_DEFAULT_V = $(if $(AM_DEFAULT_VERBOSITY),$(AM_DEFAULT_VERBOSITY),1)
_HELP_LC_FILES = $(foreach lc,$(_HELP_LINGUAS),$(foreach f,$(HELP_FILES),$(lc)/$(f)))
_HELP_LC_STAMPS = $(foreach lc,$(_HELP_LINGUAS),$(lc)/$(lc).stamp)
_HELP_LC_VERBOSE = $(_HELP_LC_VERBOSE_$(_HELP_V))
_HELP_LC_VERBOSE_ = $(_HELP_LC_VERBOSE_$(_HELP_DEFAULT_V))
_HELP_LC_VERBOSE_0 = @echo "  GEN    "$(dir $@);
_HELP_LINGUAS = $(if $(filter environment,$(origin LINGUAS)),$(filter $(LINGUAS),$(HELP_LINGUAS)),$(HELP_LINGUAS))
_HELP_MOFILES = $(patsubst %.po,%.mo,$(_HELP_POFILES))
_HELP_POFILES = $(if $(HELP_ID),$(foreach lc,$(_HELP_LINGUAS),$(lc)/$(lc).po))
_HELP_POTFILE = $(if $(HELP_POT),$(HELP_POT),$(if $(HELP_ID),$(HELP_ID).pot))
_HELP_V = $(if $(V),$(V),$(_HELP_DEFAULT_V))
ac_ct_AR='ar'
ac_ct_CC='gcc'
ac_ct_DUMPBIN=''
all: $(_HELP_C_FILES) $(_HELP_C_EXTRA) $(_HELP_C_MEDIA) $(_HELP_LC_FILES) $(_HELP_POFILES)
am__EXEEXT_FALSE=''
am__EXEEXT_TRUE='#'
am__fastdepCC_FALSE='#'
am__fastdepCC_TRUE=''
am__include='include'
am__isrc=''
am__leading_dot='.'
am__nodep='_no'
am__quote=''
am__tar='$${TAR-tar} chof - "$$tardir"'
am__untar='$${TAR-tar} xf -'
bindir='${exec_prefix}/bin'
build='x86_64-pc-linux-gnu'
build_alias=''
build_cpu='x86_64'
build_os='linux-gnu'
build_vendor='pc'
check-help:
check: check-help
clean-help:
datadir='${datarootdir}'
datarootdir='${prefix}/share'
distdir-help-files: $(_HELP_LC_FILES)
distdir: distdir-help-files
docdir='${datarootdir}/doc/${PACKAGE_TARNAME}'
dvidir='${docdir}'
exec_prefix='${prefix}'
host='x86_64-pc-linux-gnu'
host_alias=''
host_cpu='x86_64'
host_os='linux-gnu'
host_vendor='pc'
htmldir='${docdir}'
includedir='${prefix}/include'
infodir='${datarootdir}/info'
install-data-am: $(if $(HELP_ID),install-help)
install-help: $(_HELP_LC_FILES)
install_sh='${SHELL} /home/mariana/Documentos/CG/glade-3.20.0/install-sh'
intltool__v_merge_options_0='-q'
intltool__v_merge_options_='$(intltool__v_merge_options_$(AM_DEFAULT_VERBOSITY))'
libdir='${exec_prefix}/lib'
libexecdir='${exec_prefix}/libexec'
localedir='${datarootdir}/locale'
localstatedir='${prefix}/var'
mandir='${datarootdir}/man'
mkdir_p='$(MKDIR_P)'
mostlyclean-am: $(if $(HELP_ID),clean-help)
oldincludedir='/usr/include'
pdfdir='${docdir}'
pkgpyexecdir='${pyexecdir}/glade'
pkgpythondir='${pythondir}/glade'
pot: $(_HELP_POTFILE)
prefix='/usr/local'
program_transform_name='s,x,x,'
psdir='${docdir}'
pyexecdir='${exec_prefix}/lib/python2.7/dist-packages'
pythondir='${prefix}/lib/python2.7/dist-packages'
repo: $(_HELP_POTFILE)
runstatedir='${localstatedir}/run'
sbindir='${exec_prefix}/sbin'
sharedstatedir='${prefix}/com'
sysconfdir='${prefix}/etc'
target='x86_64-pc-linux-gnu'
target_alias=''
target_cpu='x86_64'
target_os='linux-gnu'
target_vendor='pc'
uninstall-am: $(if $(HELP_ID),uninstall-help)
uninstall-help:

## ----------- ##
## confdefs.h. ##
## ----------- ##

/* confdefs.h */
#define PACKAGE_NAME "glade"
#define PACKAGE_TARNAME "glade"
#define PACKAGE_VERSION "3.20.0"
#define PACKAGE_STRING "glade 3.20.0"
#define PACKAGE_BUGREPORT "http://bugzilla.gnome.org/enter_bug.cgi?product=glade"
#define PACKAGE_URL "http://glade.gnome.org/"
#define GLADE_MAJOR_VERSION 3
#define GLADE_MINOR_VERSION 20
#define GLADE_MICRO_VERSION 0
#define PACKAGE "glade"
#define VERSION "3.20.0"
#define STDC_HEADERS 1
#define HAVE_SYS_TYPES_H 1
#define HAVE_SYS_STAT_H 1
#define HAVE_STDLIB_H 1
#define HAVE_STRING_H 1
#define HAVE_MEMORY_H 1
#define HAVE_STRINGS_H 1
#define HAVE_INTTYPES_H 1
#define HAVE_STDINT_H 1
#define HAVE_UNISTD_H 1
#define HAVE_DLFCN_H 1
#define LT_OBJDIR ".libs/"
#define NDEBUG /**/
#define GETTEXT_PACKAGE "glade"
#define HAVE_GTK_PRINT_UNIX_DIALOG_NEW 1
#define PYGOBJECT_REQUIRED_MAJOR 3
#define PYGOBJECT_REQUIRED_MINOR 8
#define PYGOBJECT_REQUIRED_MICRO 0

configure: exit 0
